Build started 9.07.2024 01:04:37.
     1>Project "C:\Users\TEMP.DESKTOP-6A7HT7G.000\Desktop\okul\okul 22\CS204\Homeworks\Homework 1\hw1\hw1\hw1.vcxproj" on node 2 (Build target(s)).
     1>ClCompile:
         C:\Program Files (x86)\Microsoft Visual Studio 11.0\VC\bin\CL.exe /c /ZI /nologo /W3 /WX- /Od /Oy- /D "WIN32" /D _DEBUG /D _CONSOLE /D "_UNICODE" /D "UNICODE" /Gm /EHsc /RTC1 /MDd /GS /fp:precise /Zc:wchar_t /Zc:forScope /Fo"Debug\\" /Fd"Debug\vc110.pdb" /Gd /TP /analyze- /errorReport:prompt Source.cpp
         Source.cpp
     1>c:\users\temp.desktop-6a7ht7g.000\desktop\okul\okul 22\cs204\homeworks\homework 1\hw1\hw1\source.cpp(34): warning C4018: '<' : signed/unsigned mismatch
     1>c:\users\temp.desktop-6a7ht7g.000\desktop\okul\okul 22\cs204\homeworks\homework 1\hw1\hw1\source.cpp(54): warning C4018: '<' : signed/unsigned mismatch
     1>c:\users\temp.desktop-6a7ht7g.000\desktop\okul\okul 22\cs204\homeworks\homework 1\hw1\hw1\source.cpp(75): warning C4018: '<' : signed/unsigned mismatch
     1>c:\users\temp.desktop-6a7ht7g.000\desktop\okul\okul 22\cs204\homeworks\homework 1\hw1\hw1\source.cpp(84): warning C4018: '<' : signed/unsigned mismatch
     1>c:\users\temp.desktop-6a7ht7g.000\desktop\okul\okul 22\cs204\homeworks\homework 1\hw1\hw1\source.cpp(96): warning C4018: '<' : signed/unsigned mismatch
     1>c:\users\temp.desktop-6a7ht7g.000\desktop\okul\okul 22\cs204\homeworks\homework 1\hw1\hw1\source.cpp(97): warning C4018: '>' : signed/unsigned mismatch
     1>c:\users\temp.desktop-6a7ht7g.000\desktop\okul\okul 22\cs204\homeworks\homework 1\hw1\hw1\source.cpp(102): warning C4018: '<' : signed/unsigned mismatch
     1>c:\users\temp.desktop-6a7ht7g.000\desktop\okul\okul 22\cs204\homeworks\homework 1\hw1\hw1\source.cpp(103): warning C4018: '<' : signed/unsigned mismatch
     1>c:\users\temp.desktop-6a7ht7g.000\desktop\okul\okul 22\cs204\homeworks\homework 1\hw1\hw1\source.cpp(110): warning C4018: '>' : signed/unsigned mismatch
     1>c:\users\temp.desktop-6a7ht7g.000\desktop\okul\okul 22\cs204\homeworks\homework 1\hw1\hw1\source.cpp(115): warning C4018: '<=' : signed/unsigned mismatch
     1>c:\users\temp.desktop-6a7ht7g.000\desktop\okul\okul 22\cs204\homeworks\homework 1\hw1\hw1\source.cpp(116): warning C4018: '<=' : signed/unsigned mismatch
     1>c:\users\temp.desktop-6a7ht7g.000\desktop\okul\okul 22\cs204\homeworks\homework 1\hw1\hw1\source.cpp(119): warning C4018: '<' : signed/unsigned mismatch
     1>c:\users\temp.desktop-6a7ht7g.000\desktop\okul\okul 22\cs204\homeworks\homework 1\hw1\hw1\source.cpp(120): warning C4018: '<' : signed/unsigned mismatch
     1>c:\users\temp.desktop-6a7ht7g.000\desktop\okul\okul 22\cs204\homeworks\homework 1\hw1\hw1\source.cpp(137): warning C4018: '<' : signed/unsigned mismatch
     1>c:\users\temp.desktop-6a7ht7g.000\desktop\okul\okul 22\cs204\homeworks\homework 1\hw1\hw1\source.cpp(22): warning C4101: 'temp' : unreferenced local variable
       Link:
         C:\Program Files (x86)\Microsoft Visual Studio 11.0\VC\bin\link.exe /ERRORREPORT:PROMPT /OUT:"C:\Users\TEMP.DESKTOP-6A7HT7G.000\Desktop\okul\okul 22\CS204\Homeworks\Homework 1\hw1\Debug\hw1.exe" /INCREMENTAL /NOLOGO kernel32.lib user32.lib gdi32.lib winspool.lib comdlg32.lib advapi32.lib shell32.lib ole32.lib oleaut32.lib uuid.lib odbc32.lib odbccp32.lib /MANIFEST /MANIFESTUAC:"level='asInvoker' uiAccess='false'" /manifest:embed /DEBUG /PDB:"C:\Users\TEMP.DESKTOP-6A7HT7G.000\Desktop\okul\okul 22\CS204\Homeworks\Homework 1\hw1\Debug\hw1.pdb" /SUBSYSTEM:CONSOLE /TLBID:1 /DYNAMICBASE /NXCOMPAT /IMPLIB:"C:\Users\TEMP.DESKTOP-6A7HT7G.000\Desktop\okul\okul 22\CS204\Homeworks\Homework 1\hw1\Debug\hw1.lib" /MACHINE:X86 Debug\Source.obj
         hw1.vcxproj -> C:\Users\TEMP.DESKTOP-6A7HT7G.000\Desktop\okul\okul 22\CS204\Homeworks\Homework 1\hw1\Debug\hw1.exe
     1>Done Building Project "C:\Users\TEMP.DESKTOP-6A7HT7G.000\Desktop\okul\okul 22\CS204\Homeworks\Homework 1\hw1\hw1\hw1.vcxproj" (Build target(s)).

Build succeeded.

Time Elapsed 00:00:00.85
